<?xml version="1.0" encoding="UTF-8"?>
<!-- Generated by org.testng.reporters.JUnitXMLReporter -->
<testsuite ignored="1" hostname="BANI-C-0088U" failures="0" tests="3" name="Test" time="0.09" errors="0" timestamp="2025-03-23T15:05:15 IST">
  <testcase classname="automation.grouping.TestNGGroups" name="test1" time="0.009"/>
  <testcase classname="automation.grouping.TestNGGroups" name="test2" time="0.003"/>
  <testcase classname="automation.grouping.TestNGGroups" name="test3" time="0.003"/>
  <testcase classname="automation.grouping.TestNGGroups" name="test4" time="0.0">
    <ignored/>
  </testcase> <!-- test4 -->
</testsuite> <!-- Test -->
